[debug] [2026-06-13T13:57:27.254Z] ----------------------------------------------------------------------
[debug] [2026-06-13T13:57:27.270Z] Command:       /nix/store/ws50yvm6vzlzf7jzz6n7xh4szddrack1-nodejs-20.19.1/bin/node /nix/store/gm9mcvzb17vv8cla08khrg29vxn3sq4r-firebase-tools-15.1.0/lib/node_modules/firebase-tools/lib/bin/firebase.js init hosting:github
[debug] [2026-06-13T13:57:27.271Z] CLI Version:   15.1.0
[debug] [2026-06-13T13:57:27.276Z] Platform:      linux
[debug] [2026-06-13T13:57:27.276Z] Node Version:  v20.19.1
[debug] [2026-06-13T13:57:27.276Z] Time:          Sat Jun 13 2026 13:57:27 GMT+0000 (Coordinated Universal Time)
[debug] [2026-06-13T13:57:27.277Z] ----------------------------------------------------------------------
[debug] 
[debug] [2026-06-13T13:57:32.157Z] No OAuth tokens found
[debug] [2026-06-13T13:57:32.158Z] No OAuth tokens found
[error] Failed to fetch Firebase Project from current Studio Workspace: Unable to refresh auth: not yet authenticated.
[info] 
     ######## #### ########  ######## ########     ###     ######  ########
     ##        ##  ##     ## ##       ##     ##  ##   ##  ##       ##
     ######    ##  ########  ######   ########  #########  ######  ######
     ##        ##  ##    ##  ##       ##     ## ##     ##       ## ##
     ##       #### ##     ## ######## ########  ##     ##  ######  ########

You're about to initialize a Firebase project in this directory:

  /home/user/studio

Before we get started, keep in mind:

  * You are initializing within an existing Firebase project directory

[info] 
=== Project Setup
[info] 
[info] First, let's associate this project directory with a Firebase project.
[info] You can create multiple project aliases by running firebase use --add, 
[info] 
[debug] [2026-06-13T13:57:32.168Z] > command requires scopes: ["email","openid","https://www.googleapis.com/auth/cloudplatformprojects.readonly","https://www.googleapis.com/auth/firebase","https://www.googleapis.com/auth/cloud-platform","https://www.googleapis.com/auth/userinfo.email"]
[debug] [2026-06-13T13:57:32.168Z] > authorizing via signed-in user (davidraghanti@gmail.com)
[debug] [2026-06-13T13:57:32.169Z] No OAuth tokens found
[debug] [2026-06-13T13:57:32.169Z] No OAuth tokens found
[debug] [2026-06-13T13:57:32.169Z] > command requires scopes: ["email","openid","https://www.googleapis.com/auth/cloudplatformprojects.readonly","https://www.googleapis.com/auth/firebase","https://www.googleapis.com/auth/cloud-platform","https://www.googleapis.com/auth/userinfo.email"]
[debug] [2026-06-13T13:57:32.170Z] > authorizing via signed-in user (davidraghanti@gmail.com)
[debug] [2026-06-13T13:57:32.175Z] >>> [apiv2][query] GET https://firebase.googleapis.com/v1beta1/projects/studio-9992108907-415b1 [none]
[debug] [2026-06-13T13:57:32.473Z] <<< [apiv2][status] GET https://firebase.googleapis.com/v1beta1/projects/studio-9992108907-415b1 200
[debug] [2026-06-13T13:57:32.474Z] <<< [apiv2][body] GET https://firebase.googleapis.com/v1beta1/projects/studio-9992108907-415b1 {"projectId":"studio-9992108907-415b1","projectNumber":"790094392059","displayName":"Firebase app","name":"projects/studio-9992108907-415b1","resources":{"hostingSite":"studio-9992108907-415b1"},"state":"ACTIVE","etag":"1_190aee39-457b-4ec3-a49c-431c32e5fe2e"}
[info] i  Using project studio-9992108907-415b1 (Firebase app) . 
[info] 
=== Hosting:github Setup
[info] 
[info] i  Detected a .git folder at /home/user/studio 
[info] i  Authorizing with GitHub to upload your service account to a GitHub repository's secrets store. 
[info] 
[info] Visit this URL on this device to log in:
[info] https://github.com/login/oauth/authorize?client_id=89cf50f02ac6aaed3484&state=645737479&redirect_uri=http%3A%2F%2Flocalhost%3A9005&scope=read%3Auser%20repo%20public_repo
[info] 
[info] Waiting for authentication...
